Arguments: 
  E:\nodejs\node.exe E:\nodejs\node_modules\yarn\bin\yarn.js add node-fetch

PATH: 
  C:\Program Files\Git\mingw64\bin;C:\Program Files\Git\usr\bin;C:\Users\nsjames\bin;C:\Program Files (x86)\VMware\VMware Workstation\bin;C:\Program Files (x86)\Common Files\Oracle\Java\javapath;C:\Program Files (x86)\Common Files\Intel\Shared Libraries\redist\intel64\compiler;C:\Windows\system32;C:\Windows;C:\Windows\System32\Wbem;C:\Windows\System32\WindowsPowerShell\v1.0;C:\Windows\System32\OpenSSH;C:\Program Files\NVIDIA Corporation\NVIDIA NvDLISR;C:\Program Files (x86)\NVIDIA Corporation\PhysX\Common;E:\nvm;E:\nodejs;C:\Program Files\Git\cmd;C:\Program Files\Common Files\Autodesk Shared;C:\Program Files\Microsoft SQL Server\120\Tools\Binn;C:\Program Files\dotnet;C:\Users\nsjames\AppData\Local\Microsoft\WindowsApps;E:\nvm;E:\nodejs;C:\Users\nsjames\AppData\Local\Programs\Microsoft VS Code\bin;C:\ngrok;C:\Users\nsjames\AppData\Local\Programs\Python\Python310\Scripts;C:\Users\nsjames\AppData\Local\Programs\Python\Python310;C:\Users\nsjames\.cargo\bin;C:\Users\nsjames\AppData\Local\pnpm;C:\Users\nsjames\AppData\Local\Microsoft\WindowsApps;E:\nvm;E:\nodejs;C:\Users\nsjames\AppData\Local\Programs\Microsoft VS Code\bin;C:\ngrok;C:\Users\nsjames\AppData\Local\Google\Cloud SDK\google-cloud-sdk\bin;C:\Users\nsjames\.bun\bin;E:\ENF\code\ramcalc\node_modules\.bin

Yarn version: 
  1.22.19

Node version: 
  18.16.1

Platform: 
  win32 x64

Trace: 
  Error: EPERM: operation not permitted, unlink 'E:\ENF\code\ramcalc\node_modules\@rollup\rollup-win32-x64-msvc\rollup.win32-x64-msvc.node'

npm manifest: 
  {
    "name": "ram-utilities",
    "version": "0.0.1",
    "private": true,
    "scripts": {
      "dev": "vite dev",
      "build": "vite build",
      "preview": "vite preview",
      "check": "svelte-kit sync && svelte-check --tsconfig ./tsconfig.json",
      "check:watch": "svelte-kit sync && svelte-check --tsconfig ./tsconfig.json --watch"
    },
    "devDependencies": {
      "@skeletonlabs/skeleton": "2.8.0",
      "@skeletonlabs/tw-plugin": "0.3.1",
      "@sveltejs/adapter-auto": "^3.0.0",
      "@sveltejs/adapter-netlify": "next",
      "@sveltejs/kit": "^2.0.0",
      "@sveltejs/vite-plugin-svelte": "^3.0.0",
      "@tailwindcss/forms": "^0.5.7",
      "@types/node": "20.11.18",
      "autoprefixer": "10.4.17",
      "postcss": "8.4.35",
      "svelte": "^4.2.7",
      "svelte-check": "^3.6.0",
      "tailwindcss": "3.4.1",
      "tslib": "^2.4.1",
      "typescript": "^5.0.0",
      "vite": "^5.0.3",
      "vite-plugin-tailwind-purgecss": "0.2.0"
    },
    "type": "module",
    "dependencies": {
      "@wharfkit/session": "^1.2.8",
      "@wharfkit/transact-plugin-resource-provider": "^1.1.0",
      "@wharfkit/wallet-plugin-anchor": "^1.3.3",
      "@wharfkit/web-renderer": "^1.2.3",
      "chart.js": "^4.4.1"
    }
  }

yarn manifest: 
  No manifest

Lockfile: 
  No lockfile
